WCCILevent   (0), 2020.02.16 11:00:14.108, SYS,  INFO,        1, Manager Start, PROJ, myGettingStarted, V 3.16 - 3.16   platform Windows AMD64 linked at Sep 20 2019 10:16:47 (726e8f60c5d)
WCCILevent   (0), 2020.02.16 11:00:14.200, SYS,  INFO,      108, License information, Host information
Hostname:   DESKTOP-4S58RP4
HW-code:    40614104448
HW-version: 31600002

WCCILevent   (0), 2020.02.16 11:00:14.215, SYS,  SEVERE,    105, Invalid license, DESKTOP-4S58RP4: No license found
WCCILevent   (0), 2020.02.16 11:00:14.239, SYS,  INFO,      108, License information, Using license file F:\Siemens\Automation\WinCC_OA\3.16\shield

WCCILevent   (0), 2020.02.16 11:00:14.535, SYS,  INFO,        3, Trying to connect to (SYS: 0 Data -num 0 CONN: 1) @ localhost:4897
WCCILevent   (0), 2020.02.16 11:00:14.587, SYS,  INFO,        4, Connected to (SYS: 0 Data -num 0 CONN: 1) @ na1r.services.adobe.com (127.0.0.1)
WCCILevent   (0), 2020.02.16 11:00:14.653, PARAM,SEVERE,     71, DP does not exist, _Connections.Event.ManNums:_original.._value
WCCILevent   (0), 2020.02.16 11:00:14.654, PARAM,SEVERE,     71, DP does not exist, _Connections.Event.StartTimes:_original.._value
WCCILevent   (0), 2020.02.16 11:00:14.655, PARAM,SEVERE,     71, DP does not exist, _Connections.Event.HostNames:_original.._value
WCCILevent   (0), 2020.02.16 11:00:14.656, PARAM,SEVERE,     71, DP does not exist, _Connections.Driver.ManNums:_original.._value
WCCILevent   (0), 2020.02.16 11:00:14.657, PARAM,SEVERE,     71, DP does not exist, _Connections.Driver.StartTimes:_original.._value
WCCILevent   (0), 2020.02.16 11:00:14.659, PARAM,SEVERE,     71, DP does not exist, _Connections.Driver.HostNames:_original.._value
WCCILevent   (0), 2020.02.16 11:00:14.660, PARAM,SEVERE,     71, DP does not exist, _Connections.Data.ManNums:_original.._value
WCCILevent   (0), 2020.02.16 11:00:14.661, PARAM,SEVERE,     71, DP does not exist, _Connections.Data.StartTimes:_original.._value
WCCILevent   (0), 2020.02.16 11:00:14.663, PARAM,SEVERE,     71, DP does not exist, _Connections.Data.HostNames:_original.._value
WCCILevent   (0), 2020.02.16 11:00:14.664, PARAM,SEVERE,     71, DP does not exist, _Connections.Ui.ManNums:_original.._value
WCCILevent   (0), 2020.02.16 11:00:14.665, PARAM,SEVERE,     71, DP does not exist, _Connections.Ui.StartTimes:_original.._value
WCCILevent   (0), 2020.02.16 11:00:14.666, PARAM,SEVERE,     71, DP does not exist, _Connections.Ui.HostNames:_original.._value
WCCILevent   (0), 2020.02.16 11:00:14.667, PARAM,SEVERE,     71, DP does not exist, _Connections.Ctrl.ManNums:_original.._value
WCCILevent   (0), 2020.02.16 11:00:14.668, PARAM,SEVERE,     71, DP does not exist, _Connections.Ctrl.StartTimes:_original.._value
WCCILevent   (0), 2020.02.16 11:00:14.669, PARAM,SEVERE,     71, DP does not exist, _Connections.Ctrl.HostNames:_original.._value
WCCILevent   (0), 2020.02.16 11:00:14.670, PARAM,SEVERE,     71, DP does not exist, _Connections.Ascii.ManNums:_original.._value
WCCILevent   (0), 2020.02.16 11:00:14.670, PARAM,SEVERE,     71, DP does not exist, _Connections.Ascii.StartTimes:_original.._value
WCCILevent   (0), 2020.02.16 11:00:14.671, PARAM,SEVERE,     71, DP does not exist, _Connections.Ascii.HostNames:_original.._value
WCCILevent   (0), 2020.02.16 11:00:14.672, PARAM,SEVERE,     71, DP does not exist, _Connections.Api.ManNums:_original.._value
WCCILevent   (0), 2020.02.16 11:00:14.673, PARAM,SEVERE,     71, DP does not exist, _Connections.Api.StartTimes:_original.._value
WCCILevent   (0), 2020.02.16 11:00:14.674, PARAM,SEVERE,     71, DP does not exist, _Connections.Api.HostNames:_original.._value
WCCILevent   (0), 2020.02.16 11:00:14.675, PARAM,SEVERE,     71, DP does not exist, _Connections.Device.ManNums:_original.._value
WCCILevent   (0), 2020.02.16 11:00:14.677, PARAM,SEVERE,     71, DP does not exist, _Connections.Device.StartTimes:_original.._value
WCCILevent   (0), 2020.02.16 11:00:14.678, PARAM,SEVERE,     71, DP does not exist, _Connections.Device.HostNames:_original.._value
WCCILevent   (0), 2020.02.16 11:00:14.680, PARAM,SEVERE,     71, DP does not exist, _Connections.Redu.ManNums:_original.._value
WCCILevent   (0), 2020.02.16 11:00:14.682, PARAM,SEVERE,     71, DP does not exist, _Connections.Redu.StartTimes:_original.._value
WCCILevent   (0), 2020.02.16 11:00:14.683, PARAM,SEVERE,     71, DP does not exist, _Connections.Redu.HostNames:_original.._value
WCCILevent   (0), 2020.02.16 11:00:14.683, PARAM,SEVERE,     71, DP does not exist, _Connections.Report.ManNums:_original.._value
WCCILevent   (0), 2020.02.16 11:00:14.684, PARAM,SEVERE,     71, DP does not exist, _Connections.Report.StartTimes:_original.._value
WCCILevent   (0), 2020.02.16 11:00:14.685, PARAM,SEVERE,     71, DP does not exist, _Connections.Report.HostNames:_original.._value
WCCILevent   (0), 2020.02.16 11:00:14.686, PARAM,SEVERE,     71, DP does not exist, _Connections.Dde.ManNums:_original.._value
WCCILevent   (0), 2020.02.16 11:00:14.687, PARAM,SEVERE,     71, DP does not exist, _Connections.Dde.StartTimes:_original.._value
WCCILevent   (0), 2020.02.16 11:00:14.688, PARAM,SEVERE,     71, DP does not exist, _Connections.Dde.HostNames:_original.._value
WCCILevent   (0), 2020.02.16 11:00:14.688, PARAM,SEVERE,     71, DP does not exist, _Connections.Dist.ManNums:_original.._value
WCCILevent   (0), 2020.02.16 11:00:14.689, PARAM,SEVERE,     71, DP does not exist, _Connections.Dist.StartTimes:_original.._value
WCCILevent   (0), 2020.02.16 11:00:14.690, PARAM,SEVERE,     71, DP does not exist, _Connections.Dist.HostNames:_original.._value
WCCILevent   (0), 2020.02.16 11:00:14.695, SYS,  SEVERE,    105, Invalid license, DESKTOP-4S58RP4: No license found
WCCILevent   (0), 2020.02.16 11:00:14.750, SYS,  INFO,        6, Initialization by Data Manager finished
WCCILevent   (0), 2020.02.16 11:00:14.750, SYS,  INFO,      169, Initialize 0 dp-functions
WCCILevent   (0), 2020.02.16 11:00:14.751, SYS,  INFO,      168, Initialize 0 alerts
WCCILevent   (0), 2020.02.16 11:00:14.752, PARAM,WARNING,     7, Datapoint does not exist, EvFixedLicenses, EvFixedLicenses, _Event.License.FixedShield
WCCILevent   (0), 2020.02.16 11:00:14.754, PARAM,WARNING,     7, Datapoint does not exist, UserTable, UserTable, _Users.UserId
WCCILevent   (0), 2020.02.16 11:00:14.755, PARAM,WARNING,     7, Datapoint does not exist, ManagerTable, ManagerTable, _Managers.Auth.ManType
WCCILevent   (0), 2020.02.16 11:00:14.756, PARAM,WARNING,     7, Datapoint does not exist, EventManager, doDpConnect, _System.Auth.DpType:_original.._value
WCCILevent   (0), 2020.02.16 11:00:14.760, PARAM,WARNING,     7, Datapoint does not exist, EventManager, doDpConnect, _System.Auth.Dp:_original.._value
WCCILevent   (0), 2020.02.16 11:00:14.763, PARAM,WARNING,     7, Datapoint does not exist, EventManager, doDpConnect, _System.Auth.DpAuth:_original.._value
WCCILevent   (0), 2020.02.16 11:00:14.764, PARAM,WARNING,     7, Datapoint does not exist, EventManager, doDpConnect, _System.Auth.DpAlias:_original.._value
WCCILevent   (0), 2020.02.16 11:00:14.765, PARAM,WARNING,     7, Datapoint does not exist, EventManager, dpDpConnect, _Event.ReadLicense
WCCILevent   (0), 2020.02.16 11:00:14.765, PARAM,WARNING,     8, Element does not exist, EventManager, doDpConnect, _Managers.Exit
WCCILevent   (0), 2020.02.16 11:00:14.766, PARAM,WARNING,     8, Element does not exist, EventManager, doDpConnect, _Managers.Refresh
WCCILevent   (0), 2020.02.16 11:00:14.767, PARAM,WARNING,     7, Datapoint does not exist, EventManager, evMain, _Event.License.ExpirationCnt
WCCILevent   (0), 2020.02.16 11:00:14.768, PARAM,WARNING,     7, Datapoint does not exist, EventManager, evMain, _Event.License.RemainingTime
WCCILevent   (0), 2020.02.16 11:00:14.769, PARAM,WARNING,     7, Datapoint does not exist, EventManager, evMain, _Event.License.alm.isRTILInvalid:_original.._value
WCCILevent   (0), 2020.02.16 11:00:14.770, PARAM,WARNING,     7, Datapoint does not exist, EventManager, evMain, _Event.License.alm.isPVSSInvalid:_original.._value
WCCILevent   (0), 2020.02.16 11:00:14.771, PARAM,WARNING,     7, Datapoint does not exist, EventManager, evMain, _Event.License.alm.shield:_original.._value
WCCILevent   (0), 2020.02.16 11:00:14.772, SYS,  SEVERE,    105, Invalid license, Eventmanager will shutdown after the demo period of 1800 seconds
WCCILevent   (0), 2020.02.16 11:00:15.268, SYS,  WARNING,   105, Invalid license, DESKTOP-4S58RP4: No license found, Running as demo version, driver
WCCILevent   (0), 2020.02.16 11:00:15.276, SYS,  INFO,        4, Connected to (SYS: 1 Driver -num 1 CONN: 1) @ na1r.services.adobe.com (127.0.0.1)
WCCILevent   (0), 2020.02.16 11:00:15.306, PARAM,WARNING,     7, Datapoint does not exist, DP: :_original.._value, MAN: (SYS: 1 Driver -num 1 CONN: 1)
WCCILevent   (0), 2020.02.16 11:00:15.346, PARAM,WARNING,     7, Datapoint does not exist, DP: :_original.._value, MAN: (SYS: 1 Driver -num 1 CONN: 1)
WCCILevent   (0), 2020.02.16 11:00:15.347, PARAM,WARNING,     7, Datapoint does not exist, DP: :_original.._value, MAN: (SYS: 1 Driver -num 1 CONN: 1)
WCCILevent   (0), 2020.02.16 11:00:15.348, PARAM,WARNING,     7, Datapoint does not exist, DP: :_original.._value, MAN: (SYS: 1 Driver -num 1 CONN: 1)
WCCILevent   (0), 2020.02.16 11:00:15.697, SYS,  WARNING,   105, Invalid license, DESKTOP-4S58RP4: No license found, Running as demo version, ascii
WCCILevent   (0), 2020.02.16 11:00:15.706, SYS,  INFO,        4, Connected to (SYS: 1 Ascii -num 1 CONN: 1) @ na1r.services.adobe.com (127.0.0.1)
WCCILevent   (0), 2020.02.16 11:00:16.309, SYS,  WARNING,    39, Connection lost, MAN: (SYS: 1 Ascii -num 1 CONN: 1), Connection reset by peer (10054)
WCCILevent   (0), 2020.02.16 11:00:16.506, SYS,  WARNING,   105, Invalid license, DESKTOP-4S58RP4: No license found, Running as demo version, ascii
WCCILevent   (0), 2020.02.16 11:00:16.514, SYS,  INFO,        4, Connected to (SYS: 1 Ascii -num 1 CONN: 1) @ na1r.services.adobe.com (127.0.0.1)
WCCILevent   (0), 2020.02.16 11:00:16.540, SYS,  INFO,        1/event, Received message from MAN: (SYS: 1 Ascii -num 1 CONN: 1) with an ID 3 smaller than the ID 227 of the last received message, assuming manager has been restarted
WCCILevent   (0), 2020.02.16 11:00:17.076, SYS,  WARNING,    39, Connection lost, MAN: (SYS: 1 Ascii -num 1 CONN: 1), Connection reset by peer (10054)
WCCILevent   (0), 2020.02.16 11:00:17.311, SYS,  WARNING,   105, Invalid license, DESKTOP-4S58RP4: No license found, Running as demo version, ascii
WCCILevent   (0), 2020.02.16 11:00:17.320, SYS,  INFO,        4, Connected to (SYS: 1 Ascii -num 1 CONN: 1) @ na1r.services.adobe.com (127.0.0.1)
WCCILevent   (0), 2020.02.16 11:00:17.328, SYS,  INFO,        1/event, Received message from MAN: (SYS: 1 Ascii -num 1 CONN: 1) with an ID 2 smaller than the ID 468 of the last received message, assuming manager has been restarted
WCCILevent   (0), 2020.02.16 11:00:21.805, SYS,  WARNING,    39, Connection lost, MAN: (SYS: 1 Ascii -num 1 CONN: 1), Connection reset by peer (10054)
WCCILevent   (0), 2020.02.16 11:00:23.844, SYS,  INFO,       39, Connection lost, MAN: (SYS: 1 Driver -num 1 CONN: 1), Connection closed
WCCILevent   (0), 2020.02.16 11:00:23.887, SYS,  INFO,        2, Manager Stop, received signal 15, exiting
WCCILevent   (0), 2020.02.16 11:00:23.948, SYS,  INFO,        2, Manager Stop, start cleanup
WCCILevent   (0), 2020.02.16 11:00:23.949, SYS,  INFO,      181, Closing connection to (SYS: 1 Data -num 0 CONN: 1)
WCCILevent   (0), 2020.02.16 11:00:25.951, SYS,  INFO,       39, Connection lost, MAN: (SYS: 1 Data -num 0 CONN: 1), Connection closed
WCCILevent   (0), 2020.02.16 11:00:25.993, SYS,  INFO,        2, Manager Stop
